<?xml version="1.0" encoding="UTF-8"?>
<testng-results ignored="0" total="1" passed="1" failed="0" skipped="0">
  <reporter-output>
  </reporter-output>
  <suite started-at="2025-09-06T22:14:30 IST" name="Default suite" finished-at="2025-09-06T22:15:03 IST" duration-ms="33646">
    <groups>
    </groups>
    <test started-at="2025-09-06T22:14:30 IST" name="Default test" finished-at="2025-09-06T22:15:03 IST" duration-ms="33646">
      <class name="apiRestAssured_ex07_DELETE_Request.APITesting013_DELETE_NONBddStyle">
        <test-method signature="test_delete_non_bdd()[pri:0, instance:apiRestAssured_ex07_DELETE_Request.APITesting013_DELETE_NONBddStyle@15a34df2]" started-at="2025-09-06T22:14:30 IST" name="test_delete_non_bdd" finished-at="2025-09-06T22:15:03 IST" duration-ms="33478" status="PASS">
          <reporter-output>
          </reporter-output>
        </test-method> <!-- test_delete_non_bdd -->
      </class> <!-- apiRestAssured_ex07_DELETE_Request.APITesting013_DELETE_NONBddStyle -->
    </test> <!-- Default test -->
  </suite> <!-- Default suite -->
</testng-results>
